<?xml version="1.0" encoding="UTF-8"?>
<!-- Generated by org.testng.reporters.JUnitReportReporter -->
<testsuite hostname="AnoopsMac-139751.local" name="com.anoop.test.AppiumTest" tests="1" failures="0" timestamp="15 Aug 2016 06:10:58 GMT" time="37.888" errors="0">
  <testcase name="testCreateProject" time="37.888" classname="com.anoop.test.AppiumTest"/>
</testsuite> <!-- com.anoop.test.AppiumTest -->
